{"/home/saasbook/Studio(I)/LOCATION-BASED-CHAT/model/user.js":{"path":"/home/saasbook/Studio(I)/LOCATION-BASED-CHAT/model/user.js","s":{"1":1,"2":1,"3":1,"4":1,"5":1,"6":1,"7":1,"8":1,"9":0,"10":1,"11":0,"12":1,"13":0,"14":1,"15":0,"16":0,"17":0,"18":0,"19":0,"20":0,"21":0,"22":1,"23":1},"b":{"1":[0,0]},"f":{"1":1,"2":0,"3":0,"4":0,"5":0,"6":0},"fnMap":{"1":{"name":"(anonymous_1)","line":4,"loc":{"start":{"line":4,"column":11},"end":{"line":4,"column":21}}},"2":{"name":"(anonymous_2)","line":39,"loc":{"start":{"line":39,"column":20},"end":{"line":39,"column":63}}},"3":{"name":"(anonymous_3)","line":43,"loc":{"start":{"line":43,"column":24},"end":{"line":43,"column":58}}},"4":{"name":"(anonymous_4)","line":48,"loc":{"start":{"line":48,"column":26},"end":{"line":48,"column":65}}},"5":{"name":"(anonymous_5)","line":53,"loc":{"start":{"line":53,"column":28},"end":{"line":53,"column":67}}},"6":{"name":"(anonymous_6)","line":54,"loc":{"start":{"line":54,"column":26},"end":{"line":54,"column":57}}}},"statementMap":{"1":{"start":{"line":4,"column":0},"end":{"line":97,"column":4}},"2":{"start":{"line":5,"column":1},"end":{"line":5,"column":36}},"3":{"start":{"line":6,"column":1},"end":{"line":6,"column":30}},"4":{"start":{"line":7,"column":1},"end":{"line":7,"column":59}},"5":{"start":{"line":8,"column":1},"end":{"line":18,"column":7}},"6":{"start":{"line":28,"column":1},"end":{"line":28,"column":39}},"7":{"start":{"line":29,"column":1},"end":{"line":29,"column":49}},"8":{"start":{"line":39,"column":4},"end":{"line":41,"column":6}},"9":{"start":{"line":40,"column":3},"end":{"line":40,"column":130}},"10":{"start":{"line":43,"column":4},"end":{"line":45,"column":6}},"11":{"start":{"line":44,"column":6},"end":{"line":44,"column":71}},"12":{"start":{"line":48,"column":4},"end":{"line":50,"column":6}},"13":{"start":{"line":49,"column":5},"end":{"line":49,"column":107}},"14":{"start":{"line":53,"column":4},"end":{"line":76,"column":6}},"15":{"start":{"line":54,"column":6},"end":{"line":75,"column":9}},"16":{"start":{"line":55,"column":7},"end":{"line":74,"column":9}},"17":{"start":{"line":56,"column":9},"end":{"line":56,"column":68}},"18":{"start":{"line":58,"column":9},"end":{"line":58,"column":77}},"19":{"start":{"line":59,"column":9},"end":{"line":59,"column":30}},"20":{"start":{"line":62,"column":9},"end":{"line":62,"column":36}},"21":{"start":{"line":63,"column":9},"end":{"line":71,"column":41}},"22":{"start":{"line":88,"column":1},"end":{"line":97,"column":0}},"23":{"start":{"line":99,"column":0},"end":{"line":99,"column":22}}},"branchMap":{"1":{"line":55,"type":"if","locations":[{"start":{"line":55,"column":7},"end":{"line":55,"column":7}},{"start":{"line":55,"column":7},"end":{"line":55,"column":7}}]}}}}