{"/home/saasbook/Studio(I)/LOCATION-BASED-CHAT/util/common.js":{"path":"/home/saasbook/Studio(I)/LOCATION-BASED-CHAT/util/common.js","s":{"1":1,"2":1,"3":2,"4":2},"b":{"1":[2,2]},"f":{"1":2},"fnMap":{"1":{"name":"(anonymous_1)","line":3,"loc":{"start":{"line":3,"column":17},"end":{"line":3,"column":28}}}},"statementMap":{"1":{"start":{"line":1,"column":0},"end":{"line":1,"column":33}},"2":{"start":{"line":3,"column":0},"end":{"line":6,"column":2}},"3":{"start":{"line":4,"column":2},"end":{"line":4,"column":55}},"4":{"start":{"line":5,"column":2},"end":{"line":5,"column":23}}},"branchMap":{"1":{"line":4,"type":"binary-expr","locations":[{"start":{"line":4,"column":17},"end":{"line":4,"column":37}},{"start":{"line":4,"column":41},"end":{"line":4,"column":54}}]}}},"/home/saasbook/Studio(I)/LOCATION-BASED-CHAT/model/user.js":{"path":"/home/saasbook/Studio(I)/LOCATION-BASED-CHAT/model/user.js","s":{"1":1,"2":1,"3":1,"4":1,"5":1,"6":1,"7":1,"8":1,"9":1,"10":1,"11":1,"12":1,"13":1,"14":1,"15":1,"16":1,"17":1,"18":1,"19":1,"20":0,"21":0,"22":1,"23":1,"24":0,"25":0,"26":1,"27":1,"28":1,"29":1,"30":0,"31":0,"32":1,"33":1,"34":1,"35":4,"36":1,"37":1,"38":1,"39":3,"40":1,"41":1,"42":1,"43":2,"44":2,"45":2,"46":0,"47":0,"48":2,"49":1,"50":1,"51":1,"52":1,"53":1,"54":20,"55":20,"56":1,"57":1,"58":19,"59":16,"60":15,"61":15,"62":15,"63":15,"64":15,"65":15,"66":15,"67":15,"68":1,"69":1,"70":1,"71":3,"72":3,"73":3,"74":1,"75":17,"76":17,"77":0,"78":17,"79":1,"80":19,"81":19,"82":0,"83":19,"84":16,"85":1,"86":1},"b":{"1":[0,1],"2":[0,1],"3":[0,1],"4":[1,3],"5":[1,2],"6":[0,2],"7":[1,1],"8":[1,19],"9":[16,3],"10":[15,1],"11":[16,15],"12":[0,17],"13":[0,19],"14":[16,3]},"f":{"1":1,"2":1,"3":1,"4":1,"5":1,"6":1,"7":1,"8":4,"9":2,"10":20,"11":20,"12":15,"13":17,"14":17,"15":19,"16":19},"fnMap":{"1":{"name":"(anonymous_1)","line":8,"loc":{"start":{"line":8,"column":11},"end":{"line":8,"column":21}}},"2":{"name":"(anonymous_2)","line":37,"loc":{"start":{"line":37,"column":21},"end":{"line":37,"column":42}}},"3":{"name":"(anonymous_3)","line":41,"loc":{"start":{"line":41,"column":21},"end":{"line":41,"column":42}}},"4":{"name":"(anonymous_4)","line":53,"loc":{"start":{"line":53,"column":15},"end":{"line":53,"column":68}}},"5":{"name":"(anonymous_5)","line":55,"loc":{"start":{"line":55,"column":122},"end":{"line":55,"column":145}}},"6":{"name":"(anonymous_6)","line":60,"loc":{"start":{"line":60,"column":67},"end":{"line":60,"column":96}}},"7":{"name":"(anonymous_7)","line":67,"loc":{"start":{"line":67,"column":101},"end":{"line":67,"column":116}}},"8":{"name":"(anonymous_8)","line":82,"loc":{"start":{"line":82,"column":20},"end":{"line":82,"column":73}}},"9":{"name":"(anonymous_9)","line":92,"loc":{"start":{"line":92,"column":40},"end":{"line":92,"column":69}}},"10":{"name":"(anonymous_10)","line":118,"loc":{"start":{"line":118,"column":28},"end":{"line":118,"column":76}}},"11":{"name":"(anonymous_11)","line":119,"loc":{"start":{"line":119,"column":26},"end":{"line":119,"column":57}}},"12":{"name":"(anonymous_12)","line":146,"loc":{"start":{"line":146,"column":32},"end":{"line":146,"column":60}}},"13":{"name":"(anonymous_13)","line":162,"loc":{"start":{"line":162,"column":21},"end":{"line":162,"column":43}}},"14":{"name":"(anonymous_14)","line":163,"loc":{"start":{"line":163,"column":25},"end":{"line":163,"column":56}}},"15":{"name":"(anonymous_15)","line":172,"loc":{"start":{"line":172,"column":29},"end":{"line":172,"column":51}}},"16":{"name":"(anonymous_16)","line":173,"loc":{"start":{"line":173,"column":25},"end":{"line":173,"column":56}}}},"statementMap":{"1":{"start":{"line":4,"column":0},"end":{"line":4,"column":30}},"2":{"start":{"line":5,"column":0},"end":{"line":5,"column":48}},"3":{"start":{"line":6,"column":0},"end":{"line":6,"column":32}},"4":{"start":{"line":8,"column":0},"end":{"line":205,"column":4}},"5":{"start":{"line":9,"column":1},"end":{"line":9,"column":36}},"6":{"start":{"line":10,"column":1},"end":{"line":10,"column":30}},"7":{"start":{"line":11,"column":1},"end":{"line":11,"column":59}},"8":{"start":{"line":12,"column":1},"end":{"line":24,"column":7}},"9":{"start":{"line":34,"column":1},"end":{"line":34,"column":39}},"10":{"start":{"line":35,"column":1},"end":{"line":35,"column":49}},"11":{"start":{"line":37,"column":1},"end":{"line":39,"column":3}},"12":{"start":{"line":38,"column":2},"end":{"line":38,"column":52}},"13":{"start":{"line":41,"column":1},"end":{"line":44,"column":3}},"14":{"start":{"line":42,"column":2},"end":{"line":42,"column":38}},"15":{"start":{"line":43,"column":2},"end":{"line":43,"column":53}},"16":{"start":{"line":53,"column":4},"end":{"line":80,"column":6}},"17":{"start":{"line":54,"column":5},"end":{"line":54,"column":110}},"18":{"start":{"line":55,"column":5},"end":{"line":79,"column":6}},"19":{"start":{"line":56,"column":4},"end":{"line":78,"column":11}},"20":{"start":{"line":57,"column":5},"end":{"line":57,"column":41}},"21":{"start":{"line":58,"column":5},"end":{"line":58,"column":32}},"22":{"start":{"line":60,"column":11},"end":{"line":77,"column":9}},"23":{"start":{"line":61,"column":12},"end":{"line":76,"column":14}},"24":{"start":{"line":62,"column":14},"end":{"line":62,"column":41}},"25":{"start":{"line":63,"column":14},"end":{"line":63,"column":41}},"26":{"start":{"line":65,"column":14},"end":{"line":65,"column":46}},"27":{"start":{"line":66,"column":9},"end":{"line":66,"column":24}},"28":{"start":{"line":67,"column":9},"end":{"line":75,"column":12}},"29":{"start":{"line":68,"column":13},"end":{"line":74,"column":14}},"30":{"start":{"line":69,"column":14},"end":{"line":69,"column":41}},"31":{"start":{"line":70,"column":14},"end":{"line":70,"column":41}},"32":{"start":{"line":72,"column":14},"end":{"line":72,"column":55}},"33":{"start":{"line":73,"column":14},"end":{"line":73,"column":43}},"34":{"start":{"line":82,"column":4},"end":{"line":106,"column":6}},"35":{"start":{"line":83,"column":5},"end":{"line":105,"column":6}},"36":{"start":{"line":84,"column":6},"end":{"line":84,"column":37}},"37":{"start":{"line":85,"column":6},"end":{"line":85,"column":33}},"38":{"start":{"line":86,"column":6},"end":{"line":86,"column":33}},"39":{"start":{"line":87,"column":11},"end":{"line":105,"column":6}},"40":{"start":{"line":88,"column":6},"end":{"line":88,"column":41}},"41":{"start":{"line":89,"column":6},"end":{"line":89,"column":33}},"42":{"start":{"line":90,"column":6},"end":{"line":90,"column":33}},"43":{"start":{"line":92,"column":6},"end":{"line":104,"column":9}},"44":{"start":{"line":93,"column":7},"end":{"line":93,"column":71}},"45":{"start":{"line":94,"column":7},"end":{"line":103,"column":8}},"46":{"start":{"line":95,"column":8},"end":{"line":95,"column":44}},"47":{"start":{"line":96,"column":6},"end":{"line":96,"column":33}},"48":{"start":{"line":97,"column":13},"end":{"line":103,"column":8}},"49":{"start":{"line":98,"column":8},"end":{"line":98,"column":63}},"50":{"start":{"line":99,"column":11},"end":{"line":99,"column":46}},"51":{"start":{"line":101,"column":8},"end":{"line":101,"column":65}},"52":{"start":{"line":102,"column":8},"end":{"line":102,"column":58}},"53":{"start":{"line":118,"column":4},"end":{"line":160,"column":6}},"54":{"start":{"line":119,"column":6},"end":{"line":159,"column":9}},"55":{"start":{"line":120,"column":7},"end":{"line":158,"column":9}},"56":{"start":{"line":121,"column":9},"end":{"line":121,"column":56}},"57":{"start":{"line":122,"column":9},"end":{"line":122,"column":35}},"58":{"start":{"line":123,"column":14},"end":{"line":158,"column":9}},"59":{"start":{"line":128,"column":9},"end":{"line":153,"column":10}},"60":{"start":{"line":129,"column":10},"end":{"line":129,"column":78}},"61":{"start":{"line":132,"column":10},"end":{"line":132,"column":42}},"62":{"start":{"line":133,"column":10},"end":{"line":133,"column":31}},"63":{"start":{"line":134,"column":10},"end":{"line":134,"column":37}},"64":{"start":{"line":135,"column":10},"end":{"line":135,"column":92}},"65":{"start":{"line":136,"column":10},"end":{"line":136,"column":73}},"66":{"start":{"line":137,"column":10},"end":{"line":148,"column":13}},"67":{"start":{"line":147,"column":11},"end":{"line":147,"column":83}},"68":{"start":{"line":150,"column":10},"end":{"line":150,"column":53}},"69":{"start":{"line":151,"column":10},"end":{"line":151,"column":57}},"70":{"start":{"line":152,"column":10},"end":{"line":152,"column":36}},"71":{"start":{"line":155,"column":9},"end":{"line":156,"column":9}},"72":{"start":{"line":156,"column":9},"end":{"line":156,"column":56}},"73":{"start":{"line":157,"column":9},"end":{"line":157,"column":35}},"74":{"start":{"line":162,"column":4},"end":{"line":170,"column":6}},"75":{"start":{"line":163,"column":5},"end":{"line":169,"column":7}},"76":{"start":{"line":164,"column":8},"end":{"line":168,"column":11}},"77":{"start":{"line":165,"column":9},"end":{"line":165,"column":35}},"78":{"start":{"line":167,"column":11},"end":{"line":167,"column":53}},"79":{"start":{"line":172,"column":4},"end":{"line":180,"column":6}},"80":{"start":{"line":173,"column":5},"end":{"line":179,"column":7}},"81":{"start":{"line":174,"column":8},"end":{"line":178,"column":11}},"82":{"start":{"line":175,"column":9},"end":{"line":175,"column":35}},"83":{"start":{"line":176,"column":17},"end":{"line":178,"column":11}},"84":{"start":{"line":177,"column":11},"end":{"line":177,"column":103}},"85":{"start":{"line":192,"column":1},"end":{"line":205,"column":0}},"86":{"start":{"line":207,"column":0},"end":{"line":207,"column":22}}},"branchMap":{"1":{"line":56,"type":"if","locations":[{"start":{"line":56,"column":4},"end":{"line":56,"column":4}},{"start":{"line":56,"column":4},"end":{"line":56,"column":4}}]},"2":{"line":61,"type":"if","locations":[{"start":{"line":61,"column":12},"end":{"line":61,"column":12}},{"start":{"line":61,"column":12},"end":{"line":61,"column":12}}]},"3":{"line":68,"type":"if","locations":[{"start":{"line":68,"column":13},"end":{"line":68,"column":13}},{"start":{"line":68,"column":13},"end":{"line":68,"column":13}}]},"4":{"line":83,"type":"if","locations":[{"start":{"line":83,"column":5},"end":{"line":83,"column":5}},{"start":{"line":83,"column":5},"end":{"line":83,"column":5}}]},"5":{"line":87,"type":"if","locations":[{"start":{"line":87,"column":11},"end":{"line":87,"column":11}},{"start":{"line":87,"column":11},"end":{"line":87,"column":11}}]},"6":{"line":94,"type":"if","locations":[{"start":{"line":94,"column":7},"end":{"line":94,"column":7}},{"start":{"line":94,"column":7},"end":{"line":94,"column":7}}]},"7":{"line":97,"type":"if","locations":[{"start":{"line":97,"column":13},"end":{"line":97,"column":13}},{"start":{"line":97,"column":13},"end":{"line":97,"column":13}}]},"8":{"line":120,"type":"if","locations":[{"start":{"line":120,"column":7},"end":{"line":120,"column":7}},{"start":{"line":120,"column":7},"end":{"line":120,"column":7}}]},"9":{"line":123,"type":"if","locations":[{"start":{"line":123,"column":14},"end":{"line":123,"column":14}},{"start":{"line":123,"column":14},"end":{"line":123,"column":14}}]},"10":{"line":128,"type":"if","locations":[{"start":{"line":128,"column":9},"end":{"line":128,"column":9}},{"start":{"line":128,"column":9},"end":{"line":128,"column":9}}]},"11":{"line":128,"type":"binary-expr","locations":[{"start":{"line":128,"column":12},"end":{"line":128,"column":28}},{"start":{"line":128,"column":32},"end":{"line":128,"column":47}}]},"12":{"line":164,"type":"if","locations":[{"start":{"line":164,"column":8},"end":{"line":164,"column":8}},{"start":{"line":164,"column":8},"end":{"line":164,"column":8}}]},"13":{"line":174,"type":"if","locations":[{"start":{"line":174,"column":8},"end":{"line":174,"column":8}},{"start":{"line":174,"column":8},"end":{"line":174,"column":8}}]},"14":{"line":176,"type":"if","locations":[{"start":{"line":176,"column":17},"end":{"line":176,"column":17}},{"start":{"line":176,"column":17},"end":{"line":176,"column":17}}]}}},"/home/saasbook/Studio(I)/LOCATION-BASED-CHAT/util/validator.js":{"path":"/home/saasbook/Studio(I)/LOCATION-BASED-CHAT/util/validator.js","s":{"1":1,"2":1,"3":3,"4":3,"5":1,"6":4,"7":4,"8":1},"b":{"1":[4,4,4]},"f":{"1":1,"2":3,"3":4},"fnMap":{"1":{"name":"Validator","line":1,"loc":{"start":{"line":1,"column":-15},"end":{"line":1,"column":21}}},"2":{"name":"(anonymous_2)","line":4,"loc":{"start":{"line":4,"column":35},"end":{"line":4,"column":56}}},"3":{"name":"(anonymous_3)","line":9,"loc":{"start":{"line":9,"column":38},"end":{"line":9,"column":57}}}},"statementMap":{"1":{"start":{"line":1,"column":-15},"end":{"line":2,"column":1}},"2":{"start":{"line":4,"column":0},"end":{"line":7,"column":2}},"3":{"start":{"line":5,"column":1},"end":{"line":5,"column":31}},"4":{"start":{"line":6,"column":1},"end":{"line":6,"column":31}},"5":{"start":{"line":9,"column":0},"end":{"line":12,"column":2}},"6":{"start":{"line":10,"column":1},"end":{"line":10,"column":57}},"7":{"start":{"line":11,"column":1},"end":{"line":11,"column":79}},"8":{"start":{"line":14,"column":0},"end":{"line":14,"column":27}}},"branchMap":{"1":{"line":11,"type":"binary-expr","locations":[{"start":{"line":11,"column":9},"end":{"line":11,"column":26}},{"start":{"line":11,"column":30},"end":{"line":11,"column":48}},{"start":{"line":11,"column":52},"end":{"line":11,"column":77}}]}}},"/home/saasbook/Studio(I)/LOCATION-BASED-CHAT/app.js":{"path":"/home/saasbook/Studio(I)/LOCATION-BASED-CHAT/app.js","s":{"1":1,"2":1,"3":1,"4":1,"5":1,"6":1,"7":1,"8":1,"9":1,"10":1,"11":1,"12":1,"13":1,"14":1,"15":1,"16":1,"17":1,"18":1,"19":1,"20":1,"21":1,"22":1,"23":1,"24":1,"25":1,"26":1,"27":1,"28":1,"29":1,"30":1,"31":20,"32":20,"33":5,"34":15,"35":15,"36":15,"37":15,"38":15,"39":2,"40":2,"41":2,"42":15,"43":1,"44":4,"45":4,"46":4,"47":2,"48":2,"49":2,"50":1,"51":1,"52":1,"53":1,"54":0,"55":0,"56":1,"57":1,"58":1,"59":1,"60":1,"61":0,"62":0,"63":1,"64":1,"65":4,"66":4,"67":4,"68":4,"69":3,"70":3,"71":1,"72":1,"73":19,"74":19,"75":12,"76":12,"77":0,"78":12,"79":12,"80":12,"81":12,"82":12,"83":12,"84":12,"85":5,"86":1,"87":1,"88":5,"89":12,"90":12,"91":0,"92":0,"93":0,"94":0,"95":0,"96":12,"97":19,"98":3,"99":1,"100":1,"101":1,"102":2,"103":2,"104":2,"105":2,"106":2,"107":2,"108":2,"109":1,"110":1,"111":1,"112":19,"113":19,"114":19,"115":19,"116":19,"117":19,"118":16,"119":0,"120":16,"121":16,"122":2,"123":19,"124":19,"125":5,"126":5,"127":0,"128":5,"129":5,"130":5,"131":5,"132":5,"133":5,"134":5,"135":5,"136":5,"137":5,"138":5,"139":5,"140":19,"141":4,"142":4,"143":4,"144":4,"145":4,"146":4,"147":4,"148":8,"149":8,"150":8,"151":8,"152":8,"153":8,"154":8,"155":8,"156":8,"157":8,"158":8,"159":8,"160":8,"161":8,"162":8,"163":0,"164":0,"165":19,"166":1,"167":1,"168":1,"169":1,"170":1,"171":1,"172":2,"173":2,"174":2,"175":2,"176":2,"177":2,"178":2,"179":2,"180":2,"181":2,"182":2,"183":19,"184":1,"185":1,"186":1,"187":1,"188":1,"189":1,"190":1,"191":1,"192":1,"193":1,"194":1,"195":1,"196":1,"197":0},"b":{"1":[1,1],"2":[1,0],"3":[5,15],"4":[2,0],"5":[2,2],"6":[0,1],"7":[0,1],"8":[3,1],"9":[0,12],"10":[5,7],"11":[0,12],"12":[1,2],"13":[1,1],"14":[0,16],"15":[2,14],"16":[0,5],"17":[4,0],"18":[8,0],"19":[1,0],"20":[2,0],"21":[2,2],"22":[1,1],"23":[1,0],"24":[0,1]},"f":{"1":20,"2":20,"3":2,"4":4,"5":4,"6":1,"7":1,"8":1,"9":1,"10":4,"11":4,"12":19,"13":12,"14":12,"15":1,"16":0,"17":3,"18":19,"19":16,"20":16,"21":5,"22":5,"23":4,"24":8,"25":1,"26":2,"27":1,"28":1,"29":1,"30":1},"fnMap":{"1":{"name":"(anonymous_1)","line":92,"loc":{"start":{"line":92,"column":19},"end":{"line":92,"column":50}}},"2":{"name":"(anonymous_2)","line":93,"loc":{"start":{"line":93,"column":78},"end":{"line":93,"column":101}}},"3":{"name":"(anonymous_3)","line":101,"loc":{"start":{"line":101,"column":31},"end":{"line":101,"column":48}}},"4":{"name":"(anonymous_4)","line":113,"loc":{"start":{"line":113,"column":57},"end":{"line":113,"column":76}}},"5":{"name":"(anonymous_5)","line":115,"loc":{"start":{"line":115,"column":105},"end":{"line":115,"column":121}}},"6":{"name":"(anonymous_6)","line":125,"loc":{"start":{"line":125,"column":22},"end":{"line":125,"column":41}}},"7":{"name":"(anonymous_7)","line":127,"loc":{"start":{"line":127,"column":34},"end":{"line":127,"column":49}}},"8":{"name":"(anonymous_8)","line":137,"loc":{"start":{"line":137,"column":22},"end":{"line":137,"column":41}}},"9":{"name":"(anonymous_9)","line":139,"loc":{"start":{"line":139,"column":34},"end":{"line":139,"column":49}}},"10":{"name":"(anonymous_10)","line":150,"loc":{"start":{"line":150,"column":39},"end":{"line":150,"column":58}}},"11":{"name":"(anonymous_11)","line":153,"loc":{"start":{"line":153,"column":37},"end":{"line":153,"column":53}}},"12":{"name":"(anonymous_12)","line":182,"loc":{"start":{"line":182,"column":28},"end":{"line":182,"column":46}}},"13":{"name":"(anonymous_13)","line":184,"loc":{"start":{"line":184,"column":24},"end":{"line":184,"column":47}}},"14":{"name":"(anonymous_14)","line":185,"loc":{"start":{"line":185,"column":27},"end":{"line":185,"column":44}}},"15":{"name":"(anonymous_15)","line":200,"loc":{"start":{"line":200,"column":34},"end":{"line":200,"column":47}}},"16":{"name":"(anonymous_16)","line":208,"loc":{"start":{"line":208,"column":32},"end":{"line":208,"column":54}}},"17":{"name":"(anonymous_17)","line":220,"loc":{"start":{"line":220,"column":23},"end":{"line":220,"column":36}}},"18":{"name":"(anonymous_18)","line":241,"loc":{"start":{"line":241,"column":26},"end":{"line":241,"column":36}}},"19":{"name":"(anonymous_19)","line":246,"loc":{"start":{"line":246,"column":32},"end":{"line":246,"column":48}}},"20":{"name":"(anonymous_20)","line":250,"loc":{"start":{"line":250,"column":108},"end":{"line":250,"column":124}}},"21":{"name":"(anonymous_21)","line":278,"loc":{"start":{"line":278,"column":28},"end":{"line":278,"column":51}}},"22":{"name":"(anonymous_22)","line":279,"loc":{"start":{"line":279,"column":27},"end":{"line":279,"column":44}}},"23":{"name":"(anonymous_23)","line":299,"loc":{"start":{"line":299,"column":28},"end":{"line":299,"column":42}}},"24":{"name":"(anonymous_24)","line":306,"loc":{"start":{"line":306,"column":27},"end":{"line":306,"column":43}}},"25":{"name":"(anonymous_25)","line":332,"loc":{"start":{"line":332,"column":33},"end":{"line":332,"column":47}}},"26":{"name":"(anonymous_26)","line":338,"loc":{"start":{"line":338,"column":27},"end":{"line":338,"column":43}}},"27":{"name":"(anonymous_27)","line":356,"loc":{"start":{"line":356,"column":27},"end":{"line":356,"column":41}}},"28":{"name":"(anonymous_28)","line":371,"loc":{"start":{"line":371,"column":16},"end":{"line":371,"column":29}}},"29":{"name":"(anonymous_29)","line":372,"loc":{"start":{"line":372,"column":32},"end":{"line":372,"column":42}}},"30":{"name":"(anonymous_30)","line":378,"loc":{"start":{"line":378,"column":16},"end":{"line":378,"column":29}}}},"statementMap":{"1":{"start":{"line":5,"column":0},"end":{"line":5,"column":45}},"2":{"start":{"line":6,"column":0},"end":{"line":6,"column":47}},"3":{"start":{"line":7,"column":0},"end":{"line":7,"column":43}},"4":{"start":{"line":8,"column":0},"end":{"line":8,"column":39}},"5":{"start":{"line":9,"column":0},"end":{"line":9,"column":41}},"6":{"start":{"line":10,"column":0},"end":{"line":10,"column":30}},"7":{"start":{"line":11,"column":0},"end":{"line":11,"column":32}},"8":{"start":{"line":12,"column":0},"end":{"line":12,"column":28}},"9":{"start":{"line":13,"column":0},"end":{"line":13,"column":26}},"10":{"start":{"line":14,"column":0},"end":{"line":14,"column":30}},"11":{"start":{"line":15,"column":0},"end":{"line":15,"column":33}},"12":{"start":{"line":16,"column":0},"end":{"line":16,"column":20}},"13":{"start":{"line":17,"column":0},"end":{"line":17,"column":30}},"14":{"start":{"line":18,"column":0},"end":{"line":18,"column":47}},"15":{"start":{"line":19,"column":0},"end":{"line":19,"column":45}},"16":{"start":{"line":20,"column":0},"end":{"line":20,"column":32}},"17":{"start":{"line":22,"column":0},"end":{"line":22,"column":21}},"18":{"start":{"line":40,"column":0},"end":{"line":40,"column":36}},"19":{"start":{"line":45,"column":0},"end":{"line":45,"column":38}},"20":{"start":{"line":47,"column":0},"end":{"line":47,"column":38}},"21":{"start":{"line":48,"column":0},"end":{"line":48,"column":29}},"22":{"start":{"line":53,"column":0},"end":{"line":53,"column":31}},"23":{"start":{"line":55,"column":0},"end":{"line":55,"column":41}},"24":{"start":{"line":56,"column":0},"end":{"line":56,"column":49}},"25":{"start":{"line":58,"column":0},"end":{"line":58,"column":26}},"26":{"start":{"line":59,"column":0},"end":{"line":59,"column":24}},"27":{"start":{"line":76,"column":0},"end":{"line":76,"column":42}},"28":{"start":{"line":87,"column":0},"end":{"line":89,"column":1}},"29":{"start":{"line":88,"column":2},"end":{"line":88,"column":34}},"30":{"start":{"line":92,"column":0},"end":{"line":110,"column":2}},"31":{"start":{"line":93,"column":1},"end":{"line":109,"column":5}},"32":{"start":{"line":94,"column":6},"end":{"line":108,"column":7}},"33":{"start":{"line":95,"column":7},"end":{"line":95,"column":34}},"34":{"start":{"line":97,"column":7},"end":{"line":97,"column":29}},"35":{"start":{"line":98,"column":7},"end":{"line":98,"column":87}},"36":{"start":{"line":99,"column":7},"end":{"line":99,"column":103}},"37":{"start":{"line":100,"column":7},"end":{"line":100,"column":86}},"38":{"start":{"line":101,"column":7},"end":{"line":106,"column":10}},"39":{"start":{"line":102,"column":8},"end":{"line":102,"column":50}},"40":{"start":{"line":103,"column":8},"end":{"line":105,"column":9}},"41":{"start":{"line":104,"column":9},"end":{"line":104,"column":54}},"42":{"start":{"line":107,"column":7},"end":{"line":107,"column":46}},"43":{"start":{"line":113,"column":0},"end":{"line":123,"column":3}},"44":{"start":{"line":114,"column":1},"end":{"line":114,"column":147}},"45":{"start":{"line":115,"column":1},"end":{"line":122,"column":4}},"46":{"start":{"line":116,"column":2},"end":{"line":121,"column":9}},"47":{"start":{"line":117,"column":3},"end":{"line":117,"column":46}},"48":{"start":{"line":118,"column":3},"end":{"line":118,"column":25}},"49":{"start":{"line":120,"column":9},"end":{"line":120,"column":34}},"50":{"start":{"line":125,"column":0},"end":{"line":135,"column":3}},"51":{"start":{"line":126,"column":1},"end":{"line":126,"column":56}},"52":{"start":{"line":127,"column":1},"end":{"line":134,"column":4}},"53":{"start":{"line":128,"column":2},"end":{"line":133,"column":9}},"54":{"start":{"line":129,"column":3},"end":{"line":129,"column":35}},"55":{"start":{"line":130,"column":10},"end":{"line":130,"column":42}},"56":{"start":{"line":132,"column":9},"end":{"line":132,"column":23}},"57":{"start":{"line":137,"column":0},"end":{"line":147,"column":3}},"58":{"start":{"line":138,"column":1},"end":{"line":138,"column":56}},"59":{"start":{"line":139,"column":1},"end":{"line":146,"column":4}},"60":{"start":{"line":140,"column":2},"end":{"line":145,"column":9}},"61":{"start":{"line":141,"column":3},"end":{"line":141,"column":35}},"62":{"start":{"line":142,"column":3},"end":{"line":142,"column":35}},"63":{"start":{"line":144,"column":9},"end":{"line":144,"column":23}},"64":{"start":{"line":150,"column":0},"end":{"line":180,"column":3}},"65":{"start":{"line":151,"column":1},"end":{"line":151,"column":115}},"66":{"start":{"line":152,"column":1},"end":{"line":152,"column":27}},"67":{"start":{"line":153,"column":1},"end":{"line":160,"column":4}},"68":{"start":{"line":154,"column":2},"end":{"line":159,"column":7}},"69":{"start":{"line":155,"column":7},"end":{"line":155,"column":57}},"70":{"start":{"line":156,"column":7},"end":{"line":156,"column":35}},"71":{"start":{"line":158,"column":7},"end":{"line":158,"column":46}},"72":{"start":{"line":182,"column":0},"end":{"line":364,"column":3}},"73":{"start":{"line":183,"column":2},"end":{"line":183,"column":81}},"74":{"start":{"line":184,"column":2},"end":{"line":218,"column":5}},"75":{"start":{"line":185,"column":3},"end":{"line":217,"column":6}},"76":{"start":{"line":186,"column":9},"end":{"line":216,"column":12}},"77":{"start":{"line":187,"column":10},"end":{"line":187,"column":58}},"78":{"start":{"line":191,"column":12},"end":{"line":191,"column":60}},"79":{"start":{"line":193,"column":12},"end":{"line":193,"column":47}},"80":{"start":{"line":195,"column":12},"end":{"line":195,"column":41}},"81":{"start":{"line":196,"column":12},"end":{"line":196,"column":36}},"82":{"start":{"line":197,"column":12},"end":{"line":197,"column":90}},"83":{"start":{"line":198,"column":12},"end":{"line":198,"column":60}},"84":{"start":{"line":199,"column":12},"end":{"line":205,"column":13}},"85":{"start":{"line":200,"column":13},"end":{"line":203,"column":16}},"86":{"start":{"line":201,"column":14},"end":{"line":201,"column":42}},"87":{"start":{"line":202,"column":14},"end":{"line":202,"column":51}},"88":{"start":{"line":204,"column":13},"end":{"line":204,"column":44}},"89":{"start":{"line":206,"column":12},"end":{"line":206,"column":56}},"90":{"start":{"line":207,"column":12},"end":{"line":214,"column":13}},"91":{"start":{"line":208,"column":13},"end":{"line":212,"column":16}},"92":{"start":{"line":209,"column":14},"end":{"line":209,"column":46}},"93":{"start":{"line":210,"column":14},"end":{"line":210,"column":55}},"94":{"start":{"line":211,"column":14},"end":{"line":211,"column":79}},"95":{"start":{"line":213,"column":13},"end":{"line":213,"column":45}},"96":{"start":{"line":215,"column":12},"end":{"line":215,"column":23}},"97":{"start":{"line":220,"column":2},"end":{"line":239,"column":5}},"98":{"start":{"line":221,"column":4},"end":{"line":238,"column":5}},"99":{"start":{"line":222,"column":5},"end":{"line":222,"column":53}},"100":{"start":{"line":223,"column":8},"end":{"line":223,"column":52}},"101":{"start":{"line":224,"column":8},"end":{"line":225,"column":4}},"102":{"start":{"line":226,"column":5},"end":{"line":227,"column":8}},"103":{"start":{"line":227,"column":8},"end":{"line":227,"column":46}},"104":{"start":{"line":228,"column":5},"end":{"line":228,"column":56}},"105":{"start":{"line":229,"column":8},"end":{"line":229,"column":45}},"106":{"start":{"line":230,"column":8},"end":{"line":230,"column":51}},"107":{"start":{"line":231,"column":8},"end":{"line":231,"column":59}},"108":{"start":{"line":232,"column":8},"end":{"line":237,"column":9}},"109":{"start":{"line":233,"column":9},"end":{"line":233,"column":43}},"110":{"start":{"line":235,"column":9},"end":{"line":235,"column":53}},"111":{"start":{"line":236,"column":9},"end":{"line":236,"column":37}},"112":{"start":{"line":241,"column":2},"end":{"line":276,"column":5}},"113":{"start":{"line":242,"column":5},"end":{"line":242,"column":89}},"114":{"start":{"line":243,"column":5},"end":{"line":243,"column":28}},"115":{"start":{"line":244,"column":5},"end":{"line":244,"column":45}},"116":{"start":{"line":245,"column":5},"end":{"line":245,"column":52}},"117":{"start":{"line":246,"column":5},"end":{"line":256,"column":8}},"118":{"start":{"line":247,"column":6},"end":{"line":255,"column":7}},"119":{"start":{"line":248,"column":7},"end":{"line":248,"column":52}},"120":{"start":{"line":250,"column":7},"end":{"line":254,"column":13}},"121":{"start":{"line":251,"column":11},"end":{"line":253,"column":15}},"122":{"start":{"line":252,"column":16},"end":{"line":252,"column":80}},"123":{"start":{"line":275,"column":5},"end":{"line":275,"column":42}},"124":{"start":{"line":278,"column":2},"end":{"line":297,"column":5}},"125":{"start":{"line":279,"column":3},"end":{"line":296,"column":6}},"126":{"start":{"line":280,"column":3},"end":{"line":295,"column":4}},"127":{"start":{"line":281,"column":4},"end":{"line":281,"column":52}},"128":{"start":{"line":283,"column":4},"end":{"line":283,"column":30}},"129":{"start":{"line":284,"column":6},"end":{"line":284,"column":58}},"130":{"start":{"line":285,"column":4},"end":{"line":285,"column":52}},"131":{"start":{"line":286,"column":4},"end":{"line":286,"column":33}},"132":{"start":{"line":287,"column":4},"end":{"line":287,"column":28}},"133":{"start":{"line":288,"column":4},"end":{"line":288,"column":61}},"134":{"start":{"line":289,"column":4},"end":{"line":289,"column":33}},"135":{"start":{"line":290,"column":4},"end":{"line":290,"column":31}},"136":{"start":{"line":291,"column":4},"end":{"line":291,"column":57}},"137":{"start":{"line":292,"column":4},"end":{"line":292,"column":32}},"138":{"start":{"line":293,"column":4},"end":{"line":293,"column":36}},"139":{"start":{"line":294,"column":9},"end":{"line":294,"column":29}},"140":{"start":{"line":299,"column":2},"end":{"line":329,"column":5}},"141":{"start":{"line":300,"column":5},"end":{"line":300,"column":51}},"142":{"start":{"line":301,"column":5},"end":{"line":301,"column":24}},"143":{"start":{"line":302,"column":5},"end":{"line":302,"column":27}},"144":{"start":{"line":303,"column":5},"end":{"line":303,"column":29}},"145":{"start":{"line":304,"column":5},"end":{"line":304,"column":40}},"146":{"start":{"line":305,"column":5},"end":{"line":328,"column":6}},"147":{"start":{"line":306,"column":6},"end":{"line":327,"column":6}},"148":{"start":{"line":307,"column":7},"end":{"line":307,"column":90}},"149":{"start":{"line":308,"column":7},"end":{"line":308,"column":74}},"150":{"start":{"line":309,"column":7},"end":{"line":309,"column":41}},"151":{"start":{"line":310,"column":7},"end":{"line":310,"column":45}},"152":{"start":{"line":311,"column":7},"end":{"line":311,"column":94}},"153":{"start":{"line":312,"column":7},"end":{"line":312,"column":83}},"154":{"start":{"line":313,"column":7},"end":{"line":313,"column":83}},"155":{"start":{"line":314,"column":7},"end":{"line":314,"column":77}},"156":{"start":{"line":315,"column":7},"end":{"line":315,"column":87}},"157":{"start":{"line":316,"column":7},"end":{"line":316,"column":25}},"158":{"start":{"line":317,"column":7},"end":{"line":326,"column":8}},"159":{"start":{"line":318,"column":8},"end":{"line":318,"column":59}},"160":{"start":{"line":319,"column":8},"end":{"line":319,"column":38}},"161":{"start":{"line":320,"column":8},"end":{"line":320,"column":36}},"162":{"start":{"line":321,"column":8},"end":{"line":321,"column":53}},"163":{"start":{"line":323,"column":8},"end":{"line":323,"column":68}},"164":{"start":{"line":325,"column":8},"end":{"line":325,"column":41}},"165":{"start":{"line":332,"column":2},"end":{"line":354,"column":5}},"166":{"start":{"line":333,"column":5},"end":{"line":333,"column":56}},"167":{"start":{"line":334,"column":5},"end":{"line":334,"column":27}},"168":{"start":{"line":335,"column":5},"end":{"line":335,"column":29}},"169":{"start":{"line":336,"column":5},"end":{"line":336,"column":40}},"170":{"start":{"line":337,"column":5},"end":{"line":353,"column":6}},"171":{"start":{"line":338,"column":6},"end":{"line":352,"column":6}},"172":{"start":{"line":339,"column":7},"end":{"line":339,"column":41}},"173":{"start":{"line":340,"column":7},"end":{"line":340,"column":87}},"174":{"start":{"line":341,"column":7},"end":{"line":341,"column":88}},"175":{"start":{"line":342,"column":7},"end":{"line":342,"column":88}},"176":{"start":{"line":343,"column":7},"end":{"line":343,"column":82}},"177":{"start":{"line":344,"column":7},"end":{"line":349,"column":8}},"178":{"start":{"line":346,"column":8},"end":{"line":346,"column":53}},"179":{"start":{"line":347,"column":8},"end":{"line":347,"column":37}},"180":{"start":{"line":348,"column":8},"end":{"line":348,"column":39}},"181":{"start":{"line":350,"column":7},"end":{"line":350,"column":93}},"182":{"start":{"line":351,"column":7},"end":{"line":351,"column":74}},"183":{"start":{"line":356,"column":2},"end":{"line":362,"column":5}},"184":{"start":{"line":357,"column":3},"end":{"line":357,"column":38}},"185":{"start":{"line":358,"column":3},"end":{"line":358,"column":77}},"186":{"start":{"line":359,"column":3},"end":{"line":359,"column":70}},"187":{"start":{"line":360,"column":3},"end":{"line":360,"column":28}},"188":{"start":{"line":361,"column":3},"end":{"line":361,"column":30}},"189":{"start":{"line":371,"column":0},"end":{"line":378,"column":0}},"190":{"start":{"line":372,"column":1},"end":{"line":375,"column":4}},"191":{"start":{"line":373,"column":2},"end":{"line":373,"column":64}},"192":{"start":{"line":374,"column":2},"end":{"line":375,"column":1}},"193":{"start":{"line":378,"column":0},"end":{"line":383,"column":0}},"194":{"start":{"line":379,"column":2},"end":{"line":380,"column":0}},"195":{"start":{"line":379,"column":14},"end":{"line":380,"column":0}},"196":{"start":{"line":383,"column":0},"end":{"line":385,"column":1}},"197":{"start":{"line":384,"column":2},"end":{"line":385,"column":0}}},"branchMap":{"1":{"line":76,"type":"binary-expr","locations":[{"start":{"line":76,"column":16},"end":{"line":76,"column":32}},{"start":{"line":76,"column":36},"end":{"line":76,"column":40}}]},"2":{"line":87,"type":"if","locations":[{"start":{"line":87,"column":0},"end":{"line":87,"column":0}},{"start":{"line":87,"column":0},"end":{"line":87,"column":0}}]},"3":{"line":94,"type":"if","locations":[{"start":{"line":94,"column":6},"end":{"line":94,"column":6}},{"start":{"line":94,"column":6},"end":{"line":94,"column":6}}]},"4":{"line":103,"type":"if","locations":[{"start":{"line":103,"column":8},"end":{"line":103,"column":8}},{"start":{"line":103,"column":8},"end":{"line":103,"column":8}}]},"5":{"line":116,"type":"if","locations":[{"start":{"line":116,"column":2},"end":{"line":116,"column":2}},{"start":{"line":116,"column":2},"end":{"line":116,"column":2}}]},"6":{"line":128,"type":"if","locations":[{"start":{"line":128,"column":2},"end":{"line":128,"column":2}},{"start":{"line":128,"column":2},"end":{"line":128,"column":2}}]},"7":{"line":140,"type":"if","locations":[{"start":{"line":140,"column":2},"end":{"line":140,"column":2}},{"start":{"line":140,"column":2},"end":{"line":140,"column":2}}]},"8":{"line":154,"type":"if","locations":[{"start":{"line":154,"column":2},"end":{"line":154,"column":2}},{"start":{"line":154,"column":2},"end":{"line":154,"column":2}}]},"9":{"line":186,"type":"if","locations":[{"start":{"line":186,"column":9},"end":{"line":186,"column":9}},{"start":{"line":186,"column":9},"end":{"line":186,"column":9}}]},"10":{"line":199,"type":"if","locations":[{"start":{"line":199,"column":12},"end":{"line":199,"column":12}},{"start":{"line":199,"column":12},"end":{"line":199,"column":12}}]},"11":{"line":207,"type":"if","locations":[{"start":{"line":207,"column":12},"end":{"line":207,"column":12}},{"start":{"line":207,"column":12},"end":{"line":207,"column":12}}]},"12":{"line":221,"type":"if","locations":[{"start":{"line":221,"column":4},"end":{"line":221,"column":4}},{"start":{"line":221,"column":4},"end":{"line":221,"column":4}}]},"13":{"line":232,"type":"if","locations":[{"start":{"line":232,"column":8},"end":{"line":232,"column":8}},{"start":{"line":232,"column":8},"end":{"line":232,"column":8}}]},"14":{"line":247,"type":"if","locations":[{"start":{"line":247,"column":6},"end":{"line":247,"column":6}},{"start":{"line":247,"column":6},"end":{"line":247,"column":6}}]},"15":{"line":251,"type":"if","locations":[{"start":{"line":251,"column":11},"end":{"line":251,"column":11}},{"start":{"line":251,"column":11},"end":{"line":251,"column":11}}]},"16":{"line":280,"type":"if","locations":[{"start":{"line":280,"column":3},"end":{"line":280,"column":3}},{"start":{"line":280,"column":3},"end":{"line":280,"column":3}}]},"17":{"line":305,"type":"if","locations":[{"start":{"line":305,"column":5},"end":{"line":305,"column":5}},{"start":{"line":305,"column":5},"end":{"line":305,"column":5}}]},"18":{"line":317,"type":"if","locations":[{"start":{"line":317,"column":7},"end":{"line":317,"column":7}},{"start":{"line":317,"column":7},"end":{"line":317,"column":7}}]},"19":{"line":337,"type":"if","locations":[{"start":{"line":337,"column":5},"end":{"line":337,"column":5}},{"start":{"line":337,"column":5},"end":{"line":337,"column":5}}]},"20":{"line":344,"type":"if","locations":[{"start":{"line":344,"column":7},"end":{"line":344,"column":7}},{"start":{"line":344,"column":7},"end":{"line":344,"column":7}}]},"21":{"line":344,"type":"binary-expr","locations":[{"start":{"line":344,"column":10},"end":{"line":344,"column":20}},{"start":{"line":344,"column":24},"end":{"line":344,"column":68}}]},"22":{"line":374,"type":"binary-expr","locations":[{"start":{"line":374,"column":2},"end":{"line":374,"column":4}},{"start":{"line":374,"column":8},"end":{"line":374,"column":12}}]},"23":{"line":379,"type":"if","locations":[{"start":{"line":379,"column":2},"end":{"line":379,"column":2}},{"start":{"line":379,"column":2},"end":{"line":379,"column":2}}]},"24":{"line":383,"type":"if","locations":[{"start":{"line":383,"column":0},"end":{"line":383,"column":0}},{"start":{"line":383,"column":0},"end":{"line":383,"column":0}}]}}},"/home/saasbook/Studio(I)/LOCATION-BASED-CHAT/util/socketdb.js":{"path":"/home/saasbook/Studio(I)/LOCATION-BASED-CHAT/util/socketdb.js","s":{"1":1,"2":1,"3":1,"4":17,"5":17,"6":1,"7":14,"8":1,"9":5,"10":5,"11":1,"12":19,"13":1},"b":{"1":[17,0]},"f":{"1":1,"2":17,"3":14,"4":5,"5":19},"fnMap":{"1":{"name":"SocketDB","line":1,"loc":{"start":{"line":1,"column":-15},"end":{"line":1,"column":20}}},"2":{"name":"(anonymous_2)","line":5,"loc":{"start":{"line":5,"column":25},"end":{"line":5,"column":57}}},"3":{"name":"(anonymous_3)","line":11,"loc":{"start":{"line":11,"column":25},"end":{"line":11,"column":46}}},"4":{"name":"(anonymous_4)","line":15,"loc":{"start":{"line":15,"column":33},"end":{"line":15,"column":65}}},"5":{"name":"(anonymous_5)","line":20,"loc":{"start":{"line":20,"column":28},"end":{"line":20,"column":49}}}},"statementMap":{"1":{"start":{"line":1,"column":-15},"end":{"line":3,"column":1}},"2":{"start":{"line":2,"column":4},"end":{"line":2,"column":22}},"3":{"start":{"line":5,"column":0},"end":{"line":9,"column":2}},"4":{"start":{"line":6,"column":1},"end":{"line":8,"column":2}},"5":{"start":{"line":7,"column":2},"end":{"line":7,"column":40}},"6":{"start":{"line":11,"column":0},"end":{"line":13,"column":2}},"7":{"start":{"line":12,"column":1},"end":{"line":12,"column":33}},"8":{"start":{"line":15,"column":0},"end":{"line":18,"column":2}},"9":{"start":{"line":16,"column":1},"end":{"line":16,"column":33}},"10":{"start":{"line":17,"column":1},"end":{"line":17,"column":33}},"11":{"start":{"line":20,"column":0},"end":{"line":22,"column":2}},"12":{"start":{"line":21,"column":1},"end":{"line":21,"column":33}},"13":{"start":{"line":24,"column":0},"end":{"line":24,"column":26}}},"branchMap":{"1":{"line":6,"type":"if","locations":[{"start":{"line":6,"column":1},"end":{"line":6,"column":1}},{"start":{"line":6,"column":1},"end":{"line":6,"column":1}}]}}},"/home/saasbook/Studio(I)/LOCATION-BASED-CHAT/util/messagedb.js":{"path":"/home/saasbook/Studio(I)/LOCATION-BASED-CHAT/util/messagedb.js","s":{"1":1,"2":1,"3":1,"4":1,"5":1,"6":1,"7":1,"8":1,"9":1,"10":1,"11":12,"12":1,"13":5,"14":1},"b":{"1":[1,0]},"f":{"1":1,"2":1,"3":12,"4":5},"fnMap":{"1":{"name":"MessageDB","line":3,"loc":{"start":{"line":3,"column":0},"end":{"line":3,"column":21}}},"2":{"name":"(anonymous_2)","line":7,"loc":{"start":{"line":7,"column":26},"end":{"line":7,"column":56}}},"3":{"name":"(anonymous_3)","line":16,"loc":{"start":{"line":16,"column":26},"end":{"line":16,"column":47}}},"4":{"name":"(anonymous_4)","line":20,"loc":{"start":{"line":20,"column":28},"end":{"line":20,"column":49}}}},"statementMap":{"1":{"start":{"line":1,"column":0},"end":{"line":1,"column":30}},"2":{"start":{"line":3,"column":0},"end":{"line":5,"column":1}},"3":{"start":{"line":4,"column":4},"end":{"line":4,"column":23}},"4":{"start":{"line":7,"column":0},"end":{"line":14,"column":2}},"5":{"start":{"line":8,"column":1},"end":{"line":11,"column":2}},"6":{"start":{"line":9,"column":2},"end":{"line":9,"column":50}},"7":{"start":{"line":10,"column":2},"end":{"line":10,"column":33}},"8":{"start":{"line":12,"column":1},"end":{"line":12,"column":41}},"9":{"start":{"line":13,"column":1},"end":{"line":13,"column":84}},"10":{"start":{"line":16,"column":0},"end":{"line":18,"column":2}},"11":{"start":{"line":17,"column":1},"end":{"line":17,"column":34}},"12":{"start":{"line":20,"column":0},"end":{"line":22,"column":2}},"13":{"start":{"line":21,"column":1},"end":{"line":21,"column":32}},"14":{"start":{"line":24,"column":0},"end":{"line":24,"column":27}}},"branchMap":{"1":{"line":8,"type":"if","locations":[{"start":{"line":8,"column":1},"end":{"line":8,"column":1}},{"start":{"line":8,"column":1},"end":{"line":8,"column":1}}]}}},"/home/saasbook/Studio(I)/LOCATION-BASED-CHAT/util/groupdb.js":{"path":"/home/saasbook/Studio(I)/LOCATION-BASED-CHAT/util/groupdb.js","s":{"1":1,"2":1,"3":1,"4":1,"5":0,"6":0,"7":0,"8":0,"9":0,"10":1,"11":12,"12":1,"13":0,"14":1},"b":{"1":[0,0]},"f":{"1":1,"2":0,"3":12,"4":0},"fnMap":{"1":{"name":"GroupDB","line":3,"loc":{"start":{"line":3,"column":0},"end":{"line":3,"column":19}}},"2":{"name":"(anonymous_2)","line":7,"loc":{"start":{"line":7,"column":24},"end":{"line":7,"column":59}}},"3":{"name":"(anonymous_3)","line":16,"loc":{"start":{"line":16,"column":24},"end":{"line":16,"column":45}}},"4":{"name":"(anonymous_4)","line":20,"loc":{"start":{"line":20,"column":26},"end":{"line":20,"column":47}}}},"statementMap":{"1":{"start":{"line":1,"column":0},"end":{"line":1,"column":30}},"2":{"start":{"line":3,"column":0},"end":{"line":5,"column":1}},"3":{"start":{"line":4,"column":4},"end":{"line":4,"column":21}},"4":{"start":{"line":7,"column":0},"end":{"line":14,"column":2}},"5":{"start":{"line":8,"column":1},"end":{"line":11,"column":2}},"6":{"start":{"line":9,"column":2},"end":{"line":9,"column":50}},"7":{"start":{"line":10,"column":2},"end":{"line":10,"column":31}},"8":{"start":{"line":12,"column":1},"end":{"line":12,"column":44}},"9":{"start":{"line":13,"column":1},"end":{"line":13,"column":94}},"10":{"start":{"line":16,"column":0},"end":{"line":18,"column":2}},"11":{"start":{"line":17,"column":1},"end":{"line":17,"column":32}},"12":{"start":{"line":20,"column":0},"end":{"line":22,"column":2}},"13":{"start":{"line":21,"column":1},"end":{"line":21,"column":30}},"14":{"start":{"line":24,"column":0},"end":{"line":24,"column":25}}},"branchMap":{"1":{"line":8,"type":"if","locations":[{"start":{"line":8,"column":1},"end":{"line":8,"column":1}},{"start":{"line":8,"column":1},"end":{"line":8,"column":1}}]}}},"/home/saasbook/Studio(I)/LOCATION-BASED-CHAT/util/group.js":{"path":"/home/saasbook/Studio(I)/LOCATION-BASED-CHAT/util/group.js","s":{"1":1,"2":5,"3":5,"4":5,"5":1,"6":13,"7":1,"8":3,"9":3,"10":3,"11":3,"12":1,"13":0,"14":0,"15":1,"16":8,"17":1},"b":{"1":[3,0]},"f":{"1":5,"2":13,"3":3,"4":0,"5":8},"fnMap":{"1":{"name":"Group","line":1,"loc":{"start":{"line":1,"column":-15},"end":{"line":1,"column":28}}},"2":{"name":"(anonymous_2)","line":7,"loc":{"start":{"line":7,"column":22},"end":{"line":7,"column":43}}},"3":{"name":"(anonymous_3)","line":13,"loc":{"start":{"line":13,"column":25},"end":{"line":13,"column":46}}},"4":{"name":"(anonymous_4)","line":21,"loc":{"start":{"line":21,"column":22},"end":{"line":21,"column":43}}},"5":{"name":"(anonymous_5)","line":26,"loc":{"start":{"line":26,"column":29},"end":{"line":26,"column":40}}}},"statementMap":{"1":{"start":{"line":1,"column":-15},"end":{"line":5,"column":1}},"2":{"start":{"line":2,"column":2},"end":{"line":2,"column":19}},"3":{"start":{"line":3,"column":2},"end":{"line":3,"column":21}},"4":{"start":{"line":4,"column":2},"end":{"line":4,"column":20}},"5":{"start":{"line":7,"column":0},"end":{"line":11,"column":2}},"6":{"start":{"line":9,"column":4},"end":{"line":9,"column":34}},"7":{"start":{"line":13,"column":0},"end":{"line":19,"column":2}},"8":{"start":{"line":14,"column":2},"end":{"line":14,"column":23}},"9":{"start":{"line":15,"column":2},"end":{"line":15,"column":53}},"10":{"start":{"line":16,"column":2},"end":{"line":18,"column":3}},"11":{"start":{"line":17,"column":3},"end":{"line":17,"column":39}},"12":{"start":{"line":21,"column":0},"end":{"line":24,"column":2}},"13":{"start":{"line":22,"column":2},"end":{"line":22,"column":53}},"14":{"start":{"line":23,"column":2},"end":{"line":23,"column":35}},"15":{"start":{"line":26,"column":0},"end":{"line":28,"column":2}},"16":{"start":{"line":27,"column":1},"end":{"line":27,"column":21}},"17":{"start":{"line":46,"column":0},"end":{"line":46,"column":23}}},"branchMap":{"1":{"line":16,"type":"if","locations":[{"start":{"line":16,"column":2},"end":{"line":16,"column":2}},{"start":{"line":16,"column":2},"end":{"line":16,"column":2}}]}}},"/home/saasbook/Studio(I)/LOCATION-BASED-CHAT/util/groups.js":{"path":"/home/saasbook/Studio(I)/LOCATION-BASED-CHAT/util/groups.js","s":{"1":1,"2":1,"3":1,"4":5,"5":1,"6":6,"7":1,"8":0,"9":1,"10":0,"11":0,"12":0,"13":1,"14":2,"15":1},"b":{"1":[0,0]},"f":{"1":1,"2":5,"3":6,"4":0,"5":0,"6":0,"7":2},"fnMap":{"1":{"name":"Groups","line":1,"loc":{"start":{"line":1,"column":-15},"end":{"line":1,"column":18}}},"2":{"name":"(anonymous_2)","line":5,"loc":{"start":{"line":5,"column":23},"end":{"line":5,"column":44}}},"3":{"name":"(anonymous_3)","line":9,"loc":{"start":{"line":9,"column":23},"end":{"line":9,"column":38}}},"4":{"name":"(anonymous_4)","line":14,"loc":{"start":{"line":14,"column":26},"end":{"line":14,"column":41}}},"5":{"name":"(anonymous_5)","line":18,"loc":{"start":{"line":18,"column":32},"end":{"line":18,"column":53}}},"6":{"name":"(anonymous_6)","line":19,"loc":{"start":{"line":19,"column":21},"end":{"line":19,"column":36}}},"7":{"name":"(anonymous_7)","line":26,"loc":{"start":{"line":26,"column":32},"end":{"line":26,"column":59}}}},"statementMap":{"1":{"start":{"line":1,"column":-15},"end":{"line":3,"column":1}},"2":{"start":{"line":2,"column":4},"end":{"line":2,"column":21}},"3":{"start":{"line":5,"column":0},"end":{"line":7,"column":2}},"4":{"start":{"line":6,"column":1},"end":{"line":6,"column":27}},"5":{"start":{"line":9,"column":0},"end":{"line":11,"column":2}},"6":{"start":{"line":10,"column":1},"end":{"line":10,"column":26}},"7":{"start":{"line":14,"column":0},"end":{"line":16,"column":2}},"8":{"start":{"line":15,"column":1},"end":{"line":15,"column":26}},"9":{"start":{"line":18,"column":0},"end":{"line":24,"column":2}},"10":{"start":{"line":19,"column":1},"end":{"line":23,"column":4}},"11":{"start":{"line":20,"column":2},"end":{"line":22,"column":3}},"12":{"start":{"line":21,"column":3},"end":{"line":21,"column":34}},"13":{"start":{"line":26,"column":0},"end":{"line":28,"column":2}},"14":{"start":{"line":27,"column":1},"end":{"line":27,"column":49}},"15":{"start":{"line":31,"column":0},"end":{"line":31,"column":24}}},"branchMap":{"1":{"line":20,"type":"if","locations":[{"start":{"line":20,"column":2},"end":{"line":20,"column":2}},{"start":{"line":20,"column":2},"end":{"line":20,"column":2}}]}}}}