TN:
SF:/home/saasbook/Studio(I)/LOCATION-BASED-CHAT/util/common.js
FN:3,(anonymous_1)
FNF:1
FNH:1
FNDA:2,(anonymous_1)
DA:1,1
DA:3,1
DA:4,2
DA:5,2
LF:4
LH:4
BRDA:4,1,0,2
BRDA:4,1,1,2
BRF:2
BRH:2
end_of_record
TN:
SF:/home/saasbook/Studio(I)/LOCATION-BASED-CHAT/model/user.js
FN:8,(anonymous_1)
FN:53,(anonymous_2)
FN:55,(anonymous_3)
FN:60,(anonymous_4)
FN:67,(anonymous_5)
FN:82,(anonymous_6)
FN:92,(anonymous_7)
FN:118,(anonymous_8)
FN:119,(anonymous_9)
FN:140,(anonymous_10)
FN:156,(anonymous_11)
FN:157,(anonymous_12)
FN:166,(anonymous_13)
FN:167,(anonymous_14)
FNF:14
FNH:14
FNDA:1,(anonymous_1)
FNDA:4,(anonymous_2)
FNDA:4,(anonymous_3)
FNDA:4,(anonymous_4)
FNDA:4,(anonymous_5)
FNDA:8,(anonymous_6)
FNDA:5,(anonymous_7)
FNDA:32,(anonymous_8)
FNDA:32,(anonymous_9)
FNDA:27,(anonymous_10)
FNDA:27,(anonymous_11)
FNDA:27,(anonymous_12)
FNDA:32,(anonymous_13)
FNDA:32,(anonymous_14)
DA:4,1
DA:5,1
DA:6,1
DA:8,1
DA:9,1
DA:10,1
DA:11,1
DA:12,1
DA:34,1
DA:35,1
DA:53,1
DA:54,4
DA:55,4
DA:56,4
DA:57,0
DA:58,0
DA:60,4
DA:61,4
DA:62,0
DA:63,0
DA:65,4
DA:66,4
DA:67,4
DA:68,4
DA:69,0
DA:70,0
DA:72,4
DA:73,4
DA:82,1
DA:83,8
DA:84,2
DA:85,2
DA:86,2
DA:87,6
DA:88,1
DA:89,1
DA:90,1
DA:92,5
DA:93,5
DA:94,5
DA:95,0
DA:96,0
DA:97,5
DA:98,1
DA:99,1
DA:101,4
DA:102,4
DA:118,1
DA:119,32
DA:120,32
DA:121,1
DA:122,1
DA:123,31
DA:124,28
DA:125,27
DA:128,27
DA:129,27
DA:130,27
DA:131,27
DA:141,27
DA:144,1
DA:145,1
DA:146,1
DA:149,3
DA:150,3
DA:151,3
DA:156,1
DA:157,27
DA:158,27
DA:159,0
DA:161,27
DA:166,1
DA:167,32
DA:168,32
DA:169,0
DA:170,32
DA:171,28
DA:186,1
DA:201,1
LF:79
LH:69
BRDA:56,1,0,0
BRDA:56,1,1,4
BRDA:61,2,0,0
BRDA:61,2,1,4
BRDA:68,3,0,0
BRDA:68,3,1,4
BRDA:83,4,0,2
BRDA:83,4,1,6
BRDA:87,5,0,1
BRDA:87,5,1,5
BRDA:94,6,0,0
BRDA:94,6,1,5
BRDA:97,7,0,1
BRDA:97,7,1,4
BRDA:120,8,0,1
BRDA:120,8,1,31
BRDA:123,9,0,28
BRDA:123,9,1,3
BRDA:124,10,0,27
BRDA:124,10,1,1
BRDA:124,11,0,28
BRDA:124,11,1,27
BRDA:158,12,0,0
BRDA:158,12,1,27
BRDA:168,13,0,0
BRDA:168,13,1,32
BRDA:170,14,0,28
BRDA:170,14,1,4
BRF:28
BRH:22
end_of_record
TN:
SF:/home/saasbook/Studio(I)/LOCATION-BASED-CHAT/util/validator.js
FN:1,Validator
FN:4,(anonymous_2)
FN:9,(anonymous_3)
FN:15,(anonymous_4)
FNF:4
FNH:4
FNDA:2,Validator
FNDA:6,(anonymous_2)
FNDA:8,(anonymous_3)
FNDA:7,(anonymous_4)
DA:1,1
DA:4,1
DA:5,6
DA:6,6
DA:9,1
DA:11,8
DA:12,8
DA:15,1
DA:17,7
DA:18,7
DA:22,1
LF:11
LH:11
BRDA:12,1,0,8
BRDA:12,1,1,8
BRDA:12,1,2,7
BRDA:18,2,0,7
BRDA:18,2,1,7
BRDA:18,2,2,7
BRDA:18,2,3,6
BRF:7
BRH:7
end_of_record
TN:
SF:/home/saasbook/Studio(I)/LOCATION-BASED-CHAT/app.js
FN:94,(anonymous_1)
FN:95,(anonymous_2)
FN:107,(anonymous_3)
FN:119,(anonymous_4)
FN:121,(anonymous_5)
FN:131,(anonymous_6)
FN:133,(anonymous_7)
FN:138,(anonymous_8)
FN:158,(anonymous_9)
FN:160,(anonymous_10)
FN:165,(anonymous_11)
FN:186,(anonymous_12)
FN:189,(anonymous_13)
FN:218,(anonymous_14)
FN:220,(anonymous_15)
FN:221,(anonymous_16)
FN:236,(anonymous_17)
FN:244,(anonymous_18)
FN:256,(anonymous_19)
FN:278,(anonymous_20)
FN:283,(anonymous_21)
FN:287,(anonymous_22)
FN:315,(anonymous_23)
FN:317,(anonymous_24)
FN:342,(anonymous_25)
FN:349,(anonymous_26)
FN:376,(anonymous_27)
FN:382,(anonymous_28)
FN:400,(anonymous_29)
FN:418,(anonymous_30)
FN:419,(anonymous_31)
FN:425,(anonymous_32)
FNF:32
FNH:31
FNDA:32,(anonymous_1)
FNDA:32,(anonymous_2)
FNDA:12,(anonymous_3)
FNDA:8,(anonymous_4)
FNDA:8,(anonymous_5)
FNDA:1,(anonymous_6)
FNDA:1,(anonymous_7)
FNDA:1,(anonymous_8)
FNDA:1,(anonymous_9)
FNDA:1,(anonymous_10)
FNDA:1,(anonymous_11)
FNDA:4,(anonymous_12)
FNDA:4,(anonymous_13)
FNDA:30,(anonymous_14)
FNDA:22,(anonymous_15)
FNDA:22,(anonymous_16)
FNDA:1,(anonymous_17)
FNDA:0,(anonymous_18)
FNDA:3,(anonymous_19)
FNDA:30,(anonymous_20)
FNDA:26,(anonymous_21)
FNDA:26,(anonymous_22)
FNDA:7,(anonymous_23)
FNDA:5,(anonymous_24)
FNDA:4,(anonymous_25)
FNDA:8,(anonymous_26)
FNDA:1,(anonymous_27)
FNDA:2,(anonymous_28)
FNDA:1,(anonymous_29)
FNDA:1,(anonymous_30)
FNDA:1,(anonymous_31)
FNDA:1,(anonymous_32)
DA:5,1
DA:6,1
DA:7,1
DA:8,1
DA:9,1
DA:10,1
DA:11,1
DA:12,1
DA:13,1
DA:14,1
DA:15,1
DA:16,1
DA:17,1
DA:18,1
DA:19,1
DA:20,1
DA:21,1
DA:22,1
DA:24,1
DA:42,1
DA:47,1
DA:49,1
DA:50,1
DA:55,1
DA:57,1
DA:58,1
DA:60,1
DA:61,1
DA:78,1
DA:89,1
DA:90,1
DA:94,1
DA:95,32
DA:96,32
DA:97,5
DA:99,27
DA:100,27
DA:101,27
DA:102,27
DA:103,27
DA:104,27
DA:105,27
DA:106,27
DA:107,27
DA:108,12
DA:109,12
DA:110,8
DA:113,27
DA:119,1
DA:120,8
DA:121,8
DA:122,8
DA:123,3
DA:124,3
DA:126,5
DA:131,1
DA:132,1
DA:133,1
DA:134,1
DA:135,0
DA:136,0
DA:138,1
DA:139,1
DA:140,0
DA:141,0
DA:143,1
DA:158,1
DA:159,1
DA:160,1
DA:161,1
DA:162,0
DA:163,0
DA:165,1
DA:166,1
DA:167,0
DA:168,0
DA:170,1
DA:186,1
DA:187,4
DA:188,4
DA:189,4
DA:190,4
DA:191,3
DA:192,3
DA:194,1
DA:218,1
DA:219,30
DA:220,30
DA:221,22
DA:222,22
DA:223,0
DA:227,22
DA:229,22
DA:231,22
DA:232,22
DA:233,22
DA:234,22
DA:235,22
DA:236,8
DA:237,1
DA:238,1
DA:240,8
DA:242,22
DA:243,22
DA:244,0
DA:245,0
DA:246,0
DA:247,0
DA:249,0
DA:251,22
DA:256,30
DA:257,3
DA:258,1
DA:259,1
DA:260,1
DA:261,1
DA:263,2
DA:264,2
DA:265,2
DA:266,2
DA:267,2
DA:268,2
DA:269,2
DA:270,1
DA:272,1
DA:273,1
DA:278,30
DA:279,30
DA:280,30
DA:281,30
DA:282,30
DA:283,30
DA:284,26
DA:285,0
DA:287,26
DA:288,26
DA:289,2
DA:312,30
DA:315,30
DA:316,7
DA:317,5
DA:318,5
DA:319,0
DA:321,5
DA:322,5
DA:323,5
DA:324,5
DA:325,5
DA:326,5
DA:327,5
DA:328,5
DA:329,5
DA:330,5
DA:331,5
DA:332,5
DA:336,2
DA:337,2
DA:338,2
DA:342,30
DA:343,4
DA:344,4
DA:345,4
DA:346,4
DA:347,4
DA:348,4
DA:349,4
DA:350,8
DA:351,8
DA:352,8
DA:353,8
DA:354,8
DA:355,8
DA:356,8
DA:357,8
DA:358,8
DA:359,8
DA:360,8
DA:361,8
DA:362,8
DA:363,8
DA:364,8
DA:365,8
DA:367,0
DA:369,0
DA:376,30
DA:377,1
DA:378,1
DA:379,1
DA:380,1
DA:381,1
DA:382,1
DA:383,2
DA:384,2
DA:385,2
DA:386,2
DA:387,2
DA:388,2
DA:390,2
DA:391,2
DA:392,2
DA:394,2
DA:395,2
DA:400,30
DA:401,1
DA:402,1
DA:403,1
DA:404,1
DA:405,1
DA:406,1
DA:407,1
DA:418,1
DA:419,1
DA:420,1
DA:421,1
DA:425,1
DA:426,1
DA:430,1
DA:431,0
LF:218
LH:199
BRDA:78,1,0,1
BRDA:78,1,1,1
BRDA:89,2,0,1
BRDA:89,2,1,0
BRDA:96,3,0,5
BRDA:96,3,1,27
BRDA:109,4,0,8
BRDA:109,4,1,4
BRDA:122,5,0,3
BRDA:122,5,1,5
BRDA:134,6,0,0
BRDA:134,6,1,1
BRDA:139,7,0,0
BRDA:139,7,1,1
BRDA:161,8,0,0
BRDA:161,8,1,1
BRDA:166,9,0,0
BRDA:166,9,1,1
BRDA:190,10,0,3
BRDA:190,10,1,1
BRDA:222,11,0,0
BRDA:222,11,1,22
BRDA:235,12,0,8
BRDA:235,12,1,14
BRDA:243,13,0,0
BRDA:243,13,1,22
BRDA:257,14,0,1
BRDA:257,14,1,2
BRDA:269,15,0,1
BRDA:269,15,1,1
BRDA:284,16,0,0
BRDA:284,16,1,26
BRDA:288,17,0,2
BRDA:288,17,1,24
BRDA:316,18,0,5
BRDA:316,18,1,2
BRDA:318,19,0,0
BRDA:318,19,1,5
BRDA:348,20,0,4
BRDA:348,20,1,0
BRDA:361,21,0,8
BRDA:361,21,1,0
BRDA:381,22,0,1
BRDA:381,22,1,0
BRDA:388,23,0,2
BRDA:388,23,1,0
BRDA:388,24,0,2
BRDA:388,24,1,2
BRDA:403,25,0,1
BRDA:403,25,1,0
BRDA:421,26,0,1
BRDA:421,26,1,1
BRDA:426,27,0,1
BRDA:426,27,1,0
BRDA:430,28,0,0
BRDA:430,28,1,1
BRF:56
BRH:40
end_of_record
TN:
SF:/home/saasbook/Studio(I)/LOCATION-BASED-CHAT/util/socketdb.js
FN:1,SocketDB
FN:5,(anonymous_2)
FN:11,(anonymous_3)
FN:15,(anonymous_4)
FN:20,(anonymous_5)
FNF:5
FNH:5
FNDA:1,SocketDB
FNDA:27,(anonymous_2)
FNDA:24,(anonymous_3)
FNDA:5,(anonymous_4)
FNDA:30,(anonymous_5)
DA:1,1
DA:2,1
DA:5,1
DA:6,27
DA:7,27
DA:11,1
DA:12,24
DA:15,1
DA:16,5
DA:17,5
DA:20,1
DA:21,30
DA:24,1
LF:13
LH:13
BRDA:6,1,0,27
BRDA:6,1,1,0
BRF:2
BRH:1
end_of_record
TN:
SF:/home/saasbook/Studio(I)/LOCATION-BASED-CHAT/util/messagedb.js
FN:3,MessageDB
FN:7,(anonymous_2)
FN:16,(anonymous_3)
FN:20,(anonymous_4)
FNF:4
FNH:4
FNDA:1,MessageDB
FNDA:1,(anonymous_2)
FNDA:22,(anonymous_3)
FNDA:8,(anonymous_4)
DA:1,1
DA:3,1
DA:4,1
DA:7,1
DA:8,1
DA:9,1
DA:10,1
DA:12,1
DA:13,1
DA:16,1
DA:17,22
DA:20,1
DA:21,8
DA:24,1
LF:14
LH:14
BRDA:8,1,0,1
BRDA:8,1,1,0
BRF:2
BRH:1
end_of_record
TN:
SF:/home/saasbook/Studio(I)/LOCATION-BASED-CHAT/util/groupdb.js
FN:3,GroupDB
FN:7,(anonymous_2)
FN:17,(anonymous_3)
FN:21,(anonymous_4)
FNF:4
FNH:2
FNDA:1,GroupDB
FNDA:0,(anonymous_2)
FNDA:22,(anonymous_3)
FNDA:0,(anonymous_4)
DA:1,1
DA:3,1
DA:4,1
DA:7,1
DA:8,0
DA:9,0
DA:10,0
DA:12,0
DA:14,0
DA:17,1
DA:18,22
DA:21,1
DA:22,0
DA:25,1
LF:14
LH:8
BRDA:8,1,0,0
BRDA:8,1,1,0
BRF:2
BRH:0
end_of_record
TN:
SF:/home/saasbook/Studio(I)/LOCATION-BASED-CHAT/util/group.js
FN:1,Group
FN:8,(anonymous_2)
FN:15,(anonymous_3)
FN:23,(anonymous_4)
FN:28,(anonymous_5)
FNF:5
FNH:4
FNDA:5,Group
FNDA:13,(anonymous_2)
FNDA:3,(anonymous_3)
FNDA:0,(anonymous_4)
FNDA:8,(anonymous_5)
DA:1,1
DA:2,5
DA:3,5
DA:4,5
DA:5,5
DA:8,1
DA:11,13
DA:15,1
DA:16,3
DA:17,3
DA:18,3
DA:19,3
DA:23,1
DA:24,0
DA:25,0
DA:28,1
DA:29,8
DA:48,1
LF:18
LH:16
BRDA:18,1,0,3
BRDA:18,1,1,0
BRF:2
BRH:1
end_of_record
TN:
SF:/home/saasbook/Studio(I)/LOCATION-BASED-CHAT/util/groups.js
FN:1,Groups
FN:5,(anonymous_2)
FN:10,(anonymous_3)
FN:17,(anonymous_4)
FN:21,(anonymous_5)
FN:22,(anonymous_6)
FN:29,(anonymous_7)
FNF:7
FNH:4
FNDA:1,Groups
FNDA:5,(anonymous_2)
FNDA:6,(anonymous_3)
FNDA:0,(anonymous_4)
FNDA:0,(anonymous_5)
FNDA:0,(anonymous_6)
FNDA:2,(anonymous_7)
DA:1,1
DA:2,1
DA:5,1
DA:7,5
DA:10,1
DA:13,6
DA:17,1
DA:18,0
DA:21,1
DA:22,0
DA:23,0
DA:24,0
DA:29,1
DA:30,2
DA:34,1
LF:15
LH:11
BRDA:23,1,0,0
BRDA:23,1,1,0
BRF:2
BRH:0
end_of_record
