TN:
SF:/home/saasbook/Studio(I)/LOCATION-BASED-CHAT/util/common.js
FN:3,(anonymous_1)
FNF:1
FNH:1
FNDA:2,(anonymous_1)
DA:1,1
DA:3,1
DA:4,2
DA:5,2
LF:4
LH:4
BRDA:4,1,0,2
BRDA:4,1,1,2
BRF:2
BRH:2
end_of_record
TN:
SF:/home/saasbook/Studio(I)/LOCATION-BASED-CHAT/model/user.js
FN:8,(anonymous_1)
FN:37,(anonymous_2)
FN:41,(anonymous_3)
FN:53,(anonymous_4)
FN:55,(anonymous_5)
FN:60,(anonymous_6)
FN:67,(anonymous_7)
FN:82,(anonymous_8)
FN:92,(anonymous_9)
FN:118,(anonymous_10)
FN:119,(anonymous_11)
FN:146,(anonymous_12)
FN:162,(anonymous_13)
FN:163,(anonymous_14)
FN:172,(anonymous_15)
FN:173,(anonymous_16)
FNF:16
FNH:16
FNDA:1,(anonymous_1)
FNDA:1,(anonymous_2)
FNDA:1,(anonymous_3)
FNDA:1,(anonymous_4)
FNDA:1,(anonymous_5)
FNDA:1,(anonymous_6)
FNDA:1,(anonymous_7)
FNDA:4,(anonymous_8)
FNDA:2,(anonymous_9)
FNDA:20,(anonymous_10)
FNDA:20,(anonymous_11)
FNDA:15,(anonymous_12)
FNDA:17,(anonymous_13)
FNDA:17,(anonymous_14)
FNDA:19,(anonymous_15)
FNDA:19,(anonymous_16)
DA:4,1
DA:5,1
DA:6,1
DA:8,1
DA:9,1
DA:10,1
DA:11,1
DA:12,1
DA:34,1
DA:35,1
DA:37,1
DA:38,1
DA:41,1
DA:42,1
DA:43,1
DA:53,1
DA:54,1
DA:55,1
DA:56,1
DA:57,0
DA:58,0
DA:60,1
DA:61,1
DA:62,0
DA:63,0
DA:65,1
DA:66,1
DA:67,1
DA:68,1
DA:69,0
DA:70,0
DA:72,1
DA:73,1
DA:82,1
DA:83,4
DA:84,1
DA:85,1
DA:86,1
DA:87,3
DA:88,1
DA:89,1
DA:90,1
DA:92,2
DA:93,2
DA:94,2
DA:95,0
DA:96,0
DA:97,2
DA:98,1
DA:99,1
DA:101,1
DA:102,1
DA:118,1
DA:119,20
DA:120,20
DA:121,1
DA:122,1
DA:123,19
DA:128,16
DA:129,15
DA:132,15
DA:133,15
DA:134,15
DA:135,15
DA:136,15
DA:137,15
DA:147,15
DA:150,1
DA:151,1
DA:152,1
DA:155,3
DA:156,3
DA:157,3
DA:162,1
DA:163,17
DA:164,17
DA:165,0
DA:167,17
DA:172,1
DA:173,19
DA:174,19
DA:175,0
DA:176,19
DA:177,16
DA:192,1
DA:207,1
LF:86
LH:76
BRDA:56,1,0,0
BRDA:56,1,1,1
BRDA:61,2,0,0
BRDA:61,2,1,1
BRDA:68,3,0,0
BRDA:68,3,1,1
BRDA:83,4,0,1
BRDA:83,4,1,3
BRDA:87,5,0,1
BRDA:87,5,1,2
BRDA:94,6,0,0
BRDA:94,6,1,2
BRDA:97,7,0,1
BRDA:97,7,1,1
BRDA:120,8,0,1
BRDA:120,8,1,19
BRDA:123,9,0,16
BRDA:123,9,1,3
BRDA:128,10,0,15
BRDA:128,10,1,1
BRDA:128,11,0,16
BRDA:128,11,1,15
BRDA:164,12,0,0
BRDA:164,12,1,17
BRDA:174,13,0,0
BRDA:174,13,1,19
BRDA:176,14,0,16
BRDA:176,14,1,3
BRF:28
BRH:22
end_of_record
TN:
SF:/home/saasbook/Studio(I)/LOCATION-BASED-CHAT/util/validator.js
FN:1,Validator
FN:4,(anonymous_2)
FN:9,(anonymous_3)
FNF:3
FNH:3
FNDA:1,Validator
FNDA:3,(anonymous_2)
FNDA:4,(anonymous_3)
DA:1,1
DA:4,1
DA:5,3
DA:6,3
DA:9,1
DA:10,4
DA:11,4
DA:14,1
LF:8
LH:8
BRDA:11,1,0,4
BRDA:11,1,1,4
BRDA:11,1,2,4
BRF:3
BRH:3
end_of_record
TN:
SF:/home/saasbook/Studio(I)/LOCATION-BASED-CHAT/app.js
FN:92,(anonymous_1)
FN:93,(anonymous_2)
FN:101,(anonymous_3)
FN:113,(anonymous_4)
FN:115,(anonymous_5)
FN:125,(anonymous_6)
FN:127,(anonymous_7)
FN:137,(anonymous_8)
FN:139,(anonymous_9)
FN:150,(anonymous_10)
FN:153,(anonymous_11)
FN:182,(anonymous_12)
FN:184,(anonymous_13)
FN:185,(anonymous_14)
FN:200,(anonymous_15)
FN:208,(anonymous_16)
FN:220,(anonymous_17)
FN:241,(anonymous_18)
FN:246,(anonymous_19)
FN:250,(anonymous_20)
FN:278,(anonymous_21)
FN:279,(anonymous_22)
FN:299,(anonymous_23)
FN:306,(anonymous_24)
FN:332,(anonymous_25)
FN:338,(anonymous_26)
FN:356,(anonymous_27)
FN:371,(anonymous_28)
FN:372,(anonymous_29)
FN:378,(anonymous_30)
FNF:30
FNH:29
FNDA:20,(anonymous_1)
FNDA:20,(anonymous_2)
FNDA:2,(anonymous_3)
FNDA:4,(anonymous_4)
FNDA:4,(anonymous_5)
FNDA:1,(anonymous_6)
FNDA:1,(anonymous_7)
FNDA:1,(anonymous_8)
FNDA:1,(anonymous_9)
FNDA:4,(anonymous_10)
FNDA:4,(anonymous_11)
FNDA:19,(anonymous_12)
FNDA:12,(anonymous_13)
FNDA:12,(anonymous_14)
FNDA:1,(anonymous_15)
FNDA:0,(anonymous_16)
FNDA:3,(anonymous_17)
FNDA:19,(anonymous_18)
FNDA:16,(anonymous_19)
FNDA:16,(anonymous_20)
FNDA:5,(anonymous_21)
FNDA:5,(anonymous_22)
FNDA:4,(anonymous_23)
FNDA:8,(anonymous_24)
FNDA:1,(anonymous_25)
FNDA:2,(anonymous_26)
FNDA:1,(anonymous_27)
FNDA:1,(anonymous_28)
FNDA:1,(anonymous_29)
FNDA:1,(anonymous_30)
DA:5,1
DA:6,1
DA:7,1
DA:8,1
DA:9,1
DA:10,1
DA:11,1
DA:12,1
DA:13,1
DA:14,1
DA:15,1
DA:16,1
DA:17,1
DA:18,1
DA:19,1
DA:20,1
DA:22,1
DA:40,1
DA:45,1
DA:47,1
DA:48,1
DA:53,1
DA:55,1
DA:56,1
DA:58,1
DA:59,1
DA:76,1
DA:87,1
DA:88,1
DA:92,1
DA:93,20
DA:94,20
DA:95,5
DA:97,15
DA:98,15
DA:99,15
DA:100,15
DA:101,15
DA:102,2
DA:103,2
DA:104,2
DA:107,15
DA:113,1
DA:114,4
DA:115,4
DA:116,4
DA:117,2
DA:118,2
DA:120,2
DA:125,1
DA:126,1
DA:127,1
DA:128,1
DA:129,0
DA:130,0
DA:132,1
DA:137,1
DA:138,1
DA:139,1
DA:140,1
DA:141,0
DA:142,0
DA:144,1
DA:150,1
DA:151,4
DA:152,4
DA:153,4
DA:154,4
DA:155,3
DA:156,3
DA:158,1
DA:182,1
DA:183,19
DA:184,19
DA:185,12
DA:186,12
DA:187,0
DA:191,12
DA:193,12
DA:195,12
DA:196,12
DA:197,12
DA:198,12
DA:199,12
DA:200,5
DA:201,1
DA:202,1
DA:204,5
DA:206,12
DA:207,12
DA:208,0
DA:209,0
DA:210,0
DA:211,0
DA:213,0
DA:215,12
DA:220,19
DA:221,3
DA:222,1
DA:223,1
DA:224,1
DA:226,2
DA:227,2
DA:228,2
DA:229,2
DA:230,2
DA:231,2
DA:232,2
DA:233,1
DA:235,1
DA:236,1
DA:241,19
DA:242,19
DA:243,19
DA:244,19
DA:245,19
DA:246,19
DA:247,16
DA:248,0
DA:250,16
DA:251,16
DA:252,2
DA:275,19
DA:278,19
DA:279,5
DA:280,5
DA:281,0
DA:283,5
DA:284,5
DA:285,5
DA:286,5
DA:287,5
DA:288,5
DA:289,5
DA:290,5
DA:291,5
DA:292,5
DA:293,5
DA:294,5
DA:299,19
DA:300,4
DA:301,4
DA:302,4
DA:303,4
DA:304,4
DA:305,4
DA:306,4
DA:307,8
DA:308,8
DA:309,8
DA:310,8
DA:311,8
DA:312,8
DA:313,8
DA:314,8
DA:315,8
DA:316,8
DA:317,8
DA:318,8
DA:319,8
DA:320,8
DA:321,8
DA:323,0
DA:325,0
DA:332,19
DA:333,1
DA:334,1
DA:335,1
DA:336,1
DA:337,1
DA:338,1
DA:339,2
DA:340,2
DA:341,2
DA:342,2
DA:343,2
DA:344,2
DA:346,2
DA:347,2
DA:348,2
DA:350,2
DA:351,2
DA:356,19
DA:357,1
DA:358,1
DA:359,1
DA:360,1
DA:361,1
DA:371,1
DA:372,1
DA:373,1
DA:374,1
DA:378,1
DA:379,1
DA:383,1
DA:384,0
LF:196
LH:181
BRDA:76,1,0,1
BRDA:76,1,1,1
BRDA:87,2,0,1
BRDA:87,2,1,0
BRDA:94,3,0,5
BRDA:94,3,1,15
BRDA:103,4,0,2
BRDA:103,4,1,0
BRDA:116,5,0,2
BRDA:116,5,1,2
BRDA:128,6,0,0
BRDA:128,6,1,1
BRDA:140,7,0,0
BRDA:140,7,1,1
BRDA:154,8,0,3
BRDA:154,8,1,1
BRDA:186,9,0,0
BRDA:186,9,1,12
BRDA:199,10,0,5
BRDA:199,10,1,7
BRDA:207,11,0,0
BRDA:207,11,1,12
BRDA:221,12,0,1
BRDA:221,12,1,2
BRDA:232,13,0,1
BRDA:232,13,1,1
BRDA:247,14,0,0
BRDA:247,14,1,16
BRDA:251,15,0,2
BRDA:251,15,1,14
BRDA:280,16,0,0
BRDA:280,16,1,5
BRDA:305,17,0,4
BRDA:305,17,1,0
BRDA:317,18,0,8
BRDA:317,18,1,0
BRDA:337,19,0,1
BRDA:337,19,1,0
BRDA:344,20,0,2
BRDA:344,20,1,0
BRDA:344,21,0,2
BRDA:344,21,1,2
BRDA:374,22,0,1
BRDA:374,22,1,1
BRDA:379,23,0,1
BRDA:379,23,1,0
BRDA:383,24,0,0
BRDA:383,24,1,1
BRF:48
BRH:34
end_of_record
TN:
SF:/home/saasbook/Studio(I)/LOCATION-BASED-CHAT/util/socketdb.js
FN:1,SocketDB
FN:5,(anonymous_2)
FN:11,(anonymous_3)
FN:15,(anonymous_4)
FN:20,(anonymous_5)
FNF:5
FNH:5
FNDA:1,SocketDB
FNDA:17,(anonymous_2)
FNDA:14,(anonymous_3)
FNDA:5,(anonymous_4)
FNDA:19,(anonymous_5)
DA:1,1
DA:2,1
DA:5,1
DA:6,17
DA:7,17
DA:11,1
DA:12,14
DA:15,1
DA:16,5
DA:17,5
DA:20,1
DA:21,19
DA:24,1
LF:13
LH:13
BRDA:6,1,0,17
BRDA:6,1,1,0
BRF:2
BRH:1
end_of_record
TN:
SF:/home/saasbook/Studio(I)/LOCATION-BASED-CHAT/util/messagedb.js
FN:3,MessageDB
FN:7,(anonymous_2)
FN:16,(anonymous_3)
FN:20,(anonymous_4)
FNF:4
FNH:4
FNDA:1,MessageDB
FNDA:1,(anonymous_2)
FNDA:12,(anonymous_3)
FNDA:5,(anonymous_4)
DA:1,1
DA:3,1
DA:4,1
DA:7,1
DA:8,1
DA:9,1
DA:10,1
DA:12,1
DA:13,1
DA:16,1
DA:17,12
DA:20,1
DA:21,5
DA:24,1
LF:14
LH:14
BRDA:8,1,0,1
BRDA:8,1,1,0
BRF:2
BRH:1
end_of_record
TN:
SF:/home/saasbook/Studio(I)/LOCATION-BASED-CHAT/util/groupdb.js
FN:3,GroupDB
FN:7,(anonymous_2)
FN:16,(anonymous_3)
FN:20,(anonymous_4)
FNF:4
FNH:2
FNDA:1,GroupDB
FNDA:0,(anonymous_2)
FNDA:12,(anonymous_3)
FNDA:0,(anonymous_4)
DA:1,1
DA:3,1
DA:4,1
DA:7,1
DA:8,0
DA:9,0
DA:10,0
DA:12,0
DA:13,0
DA:16,1
DA:17,12
DA:20,1
DA:21,0
DA:24,1
LF:14
LH:8
BRDA:8,1,0,0
BRDA:8,1,1,0
BRF:2
BRH:0
end_of_record
TN:
SF:/home/saasbook/Studio(I)/LOCATION-BASED-CHAT/util/group.js
FN:1,Group
FN:7,(anonymous_2)
FN:13,(anonymous_3)
FN:21,(anonymous_4)
FN:26,(anonymous_5)
FNF:5
FNH:4
FNDA:5,Group
FNDA:13,(anonymous_2)
FNDA:3,(anonymous_3)
FNDA:0,(anonymous_4)
FNDA:8,(anonymous_5)
DA:1,1
DA:2,5
DA:3,5
DA:4,5
DA:7,1
DA:9,13
DA:13,1
DA:14,3
DA:15,3
DA:16,3
DA:17,3
DA:21,1
DA:22,0
DA:23,0
DA:26,1
DA:27,8
DA:46,1
LF:17
LH:15
BRDA:16,1,0,3
BRDA:16,1,1,0
BRF:2
BRH:1
end_of_record
TN:
SF:/home/saasbook/Studio(I)/LOCATION-BASED-CHAT/util/groups.js
FN:1,Groups
FN:5,(anonymous_2)
FN:9,(anonymous_3)
FN:14,(anonymous_4)
FN:18,(anonymous_5)
FN:19,(anonymous_6)
FN:26,(anonymous_7)
FNF:7
FNH:4
FNDA:1,Groups
FNDA:5,(anonymous_2)
FNDA:6,(anonymous_3)
FNDA:0,(anonymous_4)
FNDA:0,(anonymous_5)
FNDA:0,(anonymous_6)
FNDA:2,(anonymous_7)
DA:1,1
DA:2,1
DA:5,1
DA:6,5
DA:9,1
DA:10,6
DA:14,1
DA:15,0
DA:18,1
DA:19,0
DA:20,0
DA:21,0
DA:26,1
DA:27,2
DA:31,1
LF:15
LH:11
BRDA:20,1,0,0
BRDA:20,1,1,0
BRF:2
BRH:0
end_of_record
